{
  "RSpec": {
    "coverage": {
      "/home/juin/RubyOnRails/NTUGSA_site/config/environment.rb": [
        null,
        1,
        null,
        null,
        1
      ],
      "/home/juin/RubyOnRails/NTUGSA_site/config/application.rb": [
        1,
        null,
        1,
        null,
        null,
        null,
        1,
        null,
        1,
        1,
        null,
        null,
        null,
        null,
        null,
        null,
        null,
        null,
        null,
        null,
        null,
        null,
        1,
        1,
        null,
        null,
        null,
        null,
        null,
        null,
        1,
        null,
        null,
        null
      ],
      "/home/juin/RubyOnRails/NTUGSA_site/config/boot.rb": [
        null,
        1,
        null,
        1
      ],
      "/home/juin/RubyOnRails/NTUGSA_site/config/environments/test.rb": [
        1,
        null,
        null,
        null,
        null,
        null,
        null,
        1,
        null,
        null,
        null,
        null,
        1,
        null,
        null,
        1,
        1,
        null,
        null,
        1,
        1,
        null,
        null,
        1,
        null,
        null,
        1,
        null,
        null,
        null,
        null,
        1,
        null,
        null,
        1,
        null,
        null,
        null,
        null,
        1,
        null,
        null,
        null,
        null,
        null,
        null,
        null,
        null
      ],
      "/home/juin/RubyOnRails/NTUGSA_site/config/initializers/assets.rb": [
        null,
        null,
        null,
        1,
        null,
        null,
        null,
        null
      ],
      "/home/juin/RubyOnRails/NTUGSA_site/config/initializers/aws.rb": [
        null,
        null,
        null,
        null,
        1,
        null,
        1,
        null
      ],
      "/home/juin/RubyOnRails/NTUGSA_site/config/initializers/backtrace_silencers.rb": [
        null,
        null,
        null,
        null,
        null,
        null,
        null
      ],
      "/home/juin/RubyOnRails/NTUGSA_site/config/initializers/cookies_serializer.rb": [
        null,
        null,
        1
      ],
      "/home/juin/RubyOnRails/NTUGSA_site/config/initializers/devise.rb": [
        null,
        null,
        1,
        null,
        null,
        null,
        null,
        null,
        null,
        null,
        null,
        null,
        1,
        null,
        null,
        null,
        null,
        null,
        null,
        null,
        null,
        1,
        null,
        null,
        null,
        null,
        null,
        null,
        null,
        null,
        null,
        null,
        null,
        null,
        null,
        null,
        null,
        null,
        null,
        null,
        null,
        null,
        null,
        1,
        null,
        null,
        null,
        null,
        1,
        null,
        null,
        null,
        null,
        null,
        null,
        null,
        null,
        null,
        null,
        null,
        null,
        null,
        null,
        null,
        null,
        null,
        null,
        null,
        null,
        null,
        null,
        null,
        null,
        null,
        null,
        null,
        null,
        null,
        null,
        1,
        null,
        null,
        null,
        null,
        null,
        null,
        null,
        null,
        null,
        null,
        null,
        null,
        null,
        null,
        null,
        null,
        1,
        null,
        null,
        null,
        null,
        null,
        null,
        null,
        null,
        null,
        null,
        null,
        null,
        null,
        null,
        null,
        null,
        null,
        null,
        null,
        null,
        null,
        null,
        null,
        null,
        1,
        null,
        null,
        null,
        null,
        null,
        null,
        null,
        null,
        null,
        null,
        null,
        null,
        null,
        null,
        null,
        null,
        null,
        1,
        null,
        null,
        null,
        null,
        null,
        null,
        null,
        null,
        null,
        null,
        null,
        null,
        null,
        null,
        null,
        null,
        null,
        null,
        null,
        null,
        null,
        null,
        null,
        null,
        null,
        null,
        null,
        null,
        null,
        null,
        null,
        null,
        null,
        null,
        null,
        null,
        null,
        null,
        null,
        null,
        null,
        null,
        null,
        null,
        null,
        null,
        null,
        null,
        1,
        null,
        null,
        null,
        null,
        null,
        null,
        null,
        null,
        null,
        null,
        null,
        null,
        null,
        null,
        null,
        null,
        null,
        null,
        null,
        null,
        null,
        null,
        null,
        null,
        null,
        null,
        null,
        null,
        null,
        null,
        null,
        null,
        null,
        null,
        null,
        null,
        null,
        1,
        null,
        null,
        null,
        null,
        null,
        null,
        null,
        null,
        null,
        null,
        null,
        null,
        null,
        null,
        null,
        null,
        null,
        null,
        null,
        null,
        null,
        null,
        null,
        null,
        null,
        null,
        null,
        null,
        null
      ],
      "/home/juin/RubyOnRails/NTUGSA_site/config/initializers/filter_parameter_logging.rb": [
        null,
        null,
        null,
        1
      ],
      "/home/juin/RubyOnRails/NTUGSA_site/config/initializers/inflections.rb": [
        null,
        null,
        null,
        null,
        null,
        null,
        null,
        null,
        null,
        null,
        null,
        null,
        null,
        null,
        null,
        null
      ],
      "/home/juin/RubyOnRails/NTUGSA_site/config/initializers/mime_types.rb": [
        null,
        null,
        null,
        null
      ],
      "/home/juin/RubyOnRails/NTUGSA_site/config/initializers/session_store.rb": [
        null,
        null,
        1
      ],
      "/home/juin/RubyOnRails/NTUGSA_site/config/initializers/wrap_parameters.rb": [
        null,
        null,
        null,
        null,
        null,
        null,
        1,
        1,
        null,
        null,
        null,
        null,
        null,
        null
      ],
      "/home/juin/RubyOnRails/NTUGSA_site/spec/factories/administrators.rb": [
        null,
        1,
        1,
        1,
        1,
        1,
        1,
        null,
        null
      ],
      "/home/juin/RubyOnRails/NTUGSA_site/spec/factories/events.rb": [
        null,
        null,
        1,
        1,
        null,
        null
      ],
      "/home/juin/RubyOnRails/NTUGSA_site/spec/factories/rotators.rb": [
        null,
        1,
        1,
        1,
        1,
        1,
        null,
        1,
        1,
        null,
        null,
        null
      ],
      "/home/juin/RubyOnRails/NTUGSA_site/config/routes.rb": [
        1,
        null,
        1,
        null,
        null,
        1,
        1,
        1,
        null,
        null,
        null,
        1,
        null,
        null,
        null,
        null,
        null,
        1,
        null,
        1,
        1,
        1,
        1,
        1,
        1,
        null,
        null,
        1,
        1,
        1,
        1,
        1,
        null,
        1,
        1,
        1,
        1,
        1,
        1,
        null,
        null,
        1,
        null,
        null,
        null,
        null,
        null,
        null,
        null,
        null,
        null,
        null,
        null,
        null,
        null,
        null,
        null,
        null,
        null,
        null,
        null,
        null,
        null,
        null,
        null,
        null,
        null,
        null,
        null,
        null,
        null,
        null,
        null,
        null,
        null,
        null,
        null,
        null,
        null,
        null,
        null,
        null,
        null,
        null,
        null,
        null,
        null,
        null,
        null,
        null,
        null,
        null,
        null,
        null,
        null
      ],
      "/home/juin/RubyOnRails/NTUGSA_site/app/models/administrator.rb": [
        1,
        null,
        null,
        null,
        1,
        null,
        null
      ],
      "/home/juin/RubyOnRails/NTUGSA_site/app/helpers/admin/boards_helper.rb": [
        1,
        null
      ],
      "/home/juin/RubyOnRails/NTUGSA_site/app/helpers/admin/comments_helper.rb": [
        1,
        null
      ],
      "/home/juin/RubyOnRails/NTUGSA_site/app/helpers/admin/events_helper.rb": [
        1,
        null
      ],
      "/home/juin/RubyOnRails/NTUGSA_site/app/helpers/admin/intros_helper.rb": [
        1,
        null
      ],
      "/home/juin/RubyOnRails/NTUGSA_site/app/helpers/admin/members_helper.rb": [
        1,
        null
      ],
      "/home/juin/RubyOnRails/NTUGSA_site/app/helpers/admin/organizations_helper.rb": [
        1,
        null
      ],
      "/home/juin/RubyOnRails/NTUGSA_site/app/helpers/admin/posts_helper.rb": [
        1,
        null
      ],
      "/home/juin/RubyOnRails/NTUGSA_site/app/helpers/admin/records_helper.rb": [
        1,
        null
      ],
      "/home/juin/RubyOnRails/NTUGSA_site/app/helpers/admin/rotators_helper.rb": [
        1,
        null
      ],
      "/home/juin/RubyOnRails/NTUGSA_site/app/helpers/admin/statutes_helper.rb": [
        1,
        null
      ],
      "/home/juin/RubyOnRails/NTUGSA_site/app/helpers/admin/users_helper.rb": [
        1,
        null
      ],
      "/home/juin/RubyOnRails/NTUGSA_site/app/helpers/application_helper.rb": [
        1,
        1,
        14,
        null,
        14,
        14,
        null,
        14,
        9,
        null,
        9,
        9,
        null,
        9,
        null,
        null,
        14,
        null,
        null
      ],
      "/home/juin/RubyOnRails/NTUGSA_site/app/helpers/boards_helper.rb": [
        1,
        null
      ],
      "/home/juin/RubyOnRails/NTUGSA_site/app/helpers/comments_helper.rb": [
        1,
        null
      ],
      "/home/juin/RubyOnRails/NTUGSA_site/app/helpers/posts_helper.rb": [
        1,
        null
      ],
      "/home/juin/RubyOnRails/NTUGSA_site/app/helpers/site_helper.rb": [
        1,
        1,
        0,
        null,
        null
      ],
      "/home/juin/RubyOnRails/NTUGSA_site/app/helpers/users_helper.rb": [
        1,
        null
      ],
      "/home/juin/RubyOnRails/NTUGSA_site/spec/support/shared_db_connection.rb": [
        1,
        1,
        1,
        1,
        855,
        null,
        null,
        1
      ],
      "/home/juin/RubyOnRails/NTUGSA_site/app/controllers/admin/events_controller.rb": [
        1,
        1,
        1,
        0,
        null,
        null,
        1,
        0,
        null,
        null,
        1,
        0,
        0,
        null,
        null,
        1,
        0,
        0,
        null,
        null,
        1,
        0,
        null,
        0,
        0,
        null,
        0,
        null,
        null,
        0,
        0,
        null,
        null,
        null,
        null,
        null,
        1,
        0,
        0,
        0,
        0,
        null,
        null,
        0,
        0,
        null,
        null,
        null,
        null,
        null,
        1,
        0,
        0,
        0,
        0,
        null,
        null,
        null,
        null,
        1,
        null,
        1,
        0,
        null,
        null
      ],
      "/home/juin/RubyOnRails/NTUGSA_site/app/controllers/application_controller.rb": [
        1,
        null,
        null,
        1,
        null,
        null
      ],
      "/home/juin/RubyOnRails/NTUGSA_site/spec/controllers/rotators_controller_spec.rb": [
        1,
        null,
        1,
        1,
        20,
        null,
        1,
        1,
        1,
        null,
        null,
        1,
        1,
        2,
        null,
        null,
        1,
        1,
        1,
        1,
        null,
        null,
        1,
        1,
        1,
        null,
        null,
        null,
        1,
        1,
        2,
        null,
        null,
        1,
        1,
        1,
        1,
        null,
        null,
        1,
        1,
        1,
        1,
        null,
        null,
        null,
        1,
        1,
        2,
        null,
        null,
        1,
        1,
        1,
        null,
        null,
        1,
        1,
        1,
        null,
        null,
        null,
        1,
        1,
        2,
        null,
        null,
        1,
        1,
        1,
        1,
        null,
        null,
        1,
        1,
        1,
        1,
        null,
        null,
        null,
        1,
        1,
        4,
        null,
        1,
        1,
        1,
        1,
        null,
        null,
        null,
        1,
        1,
        1,
        null,
        null,
        null,
        1,
        1,
        1,
        1,
        null,
        null,
        null,
        1,
        1,
        1,
        null,
        null,
        null,
        null,
        1,
        1,
        5,
        5,
        null,
        null,
        1,
        1,
        1,
        null,
        null,
        1,
        1,
        1,
        1,
        1,
        null,
        null,
        1,
        1,
        1,
        null,
        null,
        null,
        1,
        1,
        1,
        1,
        1,
        null,
        null,
        1,
        1,
        1,
        null,
        null,
        null,
        null,
        1,
        1,
        2,
        2,
        null,
        null,
        1,
        1,
        1,
        null,
        null,
        null,
        1,
        1,
        1,
        null,
        null,
        null,
        null
      ],
      "/home/juin/RubyOnRails/NTUGSA_site/app/controllers/admin/rotators_controller.rb": [
        1,
        1,
        1,
        11,
        null,
        null,
        1,
        2,
        null,
        null,
        1,
        3,
        3,
        null,
        null,
        1,
        3,
        3,
        null,
        null,
        1,
        5,
        null,
        5,
        5,
        null,
        6,
        null,
        null,
        2,
        4,
        null,
        null,
        null,
        null,
        null,
        1,
        6,
        6,
        6,
        8,
        null,
        null,
        2,
        4,
        null,
        null,
        null,
        null,
        null,
        1,
        3,
        3,
        3,
        6,
        null,
        null,
        null,
        null,
        1,
        null,
        1,
        11,
        null,
        null
      ],
      "/home/juin/RubyOnRails/NTUGSA_site/spec/features/rotators_spec.rb": [
        1,
        null,
        1,
        1,
        3,
        3,
        3,
        3,
        3,
        null,
        null,
        1,
        1,
        1,
        1,
        null,
        1,
        1,
        1,
        1,
        null,
        1,
        1,
        null,
        null,
        1,
        1,
        1,
        1,
        1,
        null,
        1,
        1,
        1,
        null,
        1,
        1,
        1,
        null,
        null,
        1,
        1,
        1,
        1,
        1,
        1,
        null,
        null,
        null,
        1,
        null,
        null
      ],
      "/home/juin/RubyOnRails/NTUGSA_site/spec/models/event_spec.rb": [
        1,
        null,
        1,
        1,
        null
      ],
      "/home/juin/RubyOnRails/NTUGSA_site/app/models/event.rb": [
        1,
        null,
        1,
        1,
        1,
        1,
        1,
        1,
        null,
        null,
        null,
        null,
        null,
        1,
        1,
        1,
        1,
        null,
        null,
        null
      ],
      "/home/juin/RubyOnRails/NTUGSA_site/spec/models/rotator_spec.rb": [
        1,
        null,
        1,
        1,
        1,
        1,
        null,
        null,
        1,
        1,
        1,
        null,
        null,
        null,
        null,
        1,
        1,
        1,
        null,
        null
      ],
      "/home/juin/RubyOnRails/NTUGSA_site/app/models/rotator.rb": [
        1,
        1,
        1,
        null,
        1,
        1,
        null
      ]
    },
    "timestamp": 1411876616
  }
}
